Xilinx Platform Studio (XPS)
Xilinx EDK 14.6 Build EDK_P.68d
Copyright (c) 1995-2012 Xilinx, Inc.  All rights reserved.


********************************************************************************
At Local date and time: Mon Apr 07 11:18:53 2014
 make -f system.make clean started...
rm -f implementation/system.ngc
rm -f implementation/system_proc_sys_reset_0_wrapper.ngc implementation/system_microblaze_0_ilmb_wrapper.ngc implementation/system_microblaze_0_i_bram_ctrl_wrapper.ngc implementation/system_microblaze_0_dlmb_wrapper.ngc implementation/system_microblaze_0_d_bram_ctrl_wrapper.ngc implementation/system_microblaze_0_bram_block_wrapper.ngc implementation/system_microblaze_0_wrapper.ngc implementation/system_debug_module_wrapper.ngc implementation/system_clock_generator_0_wrapper.ngc implementation/system_axi4lite_0_wrapper.ngc implementation/system_rs232_wrapper.ngc implementation/system_my_peripheral_0_wrapper.ngc implementation/system_vga_periph_mem_0_wrapper.ngc
rm -f platgen.log
rm -f __xps/ise/_xmsgs/platgen.xmsgs
rm -f implementation/system.bmm
rm -rf implementation/cache
rm -f implementation/system.bit
rm -f implementation/system.ncd
rm -f implementation/system_bd.bmm 
rm -f implementation/system_map.ncd 
rm -f implementation/download.bit 
rm -f __xps/system_bits
rm -rf implementation synthesis xst hdl
rm -rf xst.srp system.srp
rm -f __xps/ise/_xmsgs/bitinit.xmsgs
rm -rf __xps/ps7_instance.mhs
rm -rf simulation/behavioral
rm -f simgen.log
rm -f __xps/ise/_xmsgs/simgen.xmsgs
rm -f _impact.cmd
Done!
Assigned Driver intc 2.06.a for instance axi_intc_0
axi_intc_0 has been added to the project
ERROR:EDK:4125 - IPNAME: axi_intc, INSTANCE: axi_intc_0, PARAMETER: C_BASEADDR - ASSIGNMENT=REQUIRE is defined in the MPD. You must specify a value in the MHS. 
ERROR:EDK:4125 - IPNAME: axi_intc, INSTANCE: axi_intc_0, PARAMETER: C_HIGHADDR - ASSIGNMENT=REQUIRE is defined in the MPD. You must specify a value in the MHS. 
WARNING:EDK:2137 - Peripheral axi_intc_0 is not accessible from any processor in the system. Check Bus Interface connections and address parameters. 
Address Map for Processor microblaze_0
  (0000000000-0x00007fff) microblaze_0_d_bram_ctrl	microblaze_0_dlmb
  (0000000000-0x00007fff) microblaze_0_i_bram_ctrl	microblaze_0_ilmb
  (0x40600000-0x4060ffff) RS232	axi4lite_0
  (0x41200000-0x4120ffff) axi_intc_0	axi4lite_0
  (0x41400000-0x4140ffff) debug_module	axi4lite_0
  (0x7de00000-0x7de0ffff) my_peripheral_0	axi4lite_0
  (0xc0000000-0xc3ffffff) vga_periph_mem_0	axi4lite_0
INFO:EDK - Use RS232 as reference
INFO:EDK - Connect bus interface S_AXI to axi4lite_0
INFO:EDK - Connect clock port S_AXI_ACLK to clk_100_0000MHz
INFO:EDK - External IO port grouping doneINFO:EDK - Generate address successfully
INFO:EDK - Successfully finished auto bus connection for IP instance: axi_intc_0
Address Map for Processor microblaze_0
  (0000000000-0x00007fff) microblaze_0_d_bram_ctrl	microblaze_0_dlmb
  (0000000000-0x00007fff) microblaze_0_i_bram_ctrl	microblaze_0_ilmb
  (0x40600000-0x4060ffff) RS232	axi4lite_0
  (0x41200000-0x4120ffff) axi_intc_0	axi4lite_0
  (0x41400000-0x4140ffff) debug_module	axi4lite_0
  (0x78000000-0x7bffffff) vga_periph_mem_0	axi4lite_0
  (0x7de00000-0x7de0ffff) my_peripheral_0	axi4lite_0
Generated Addresses Successfully
ERROR:EDK:4125 - IPNAME: axi_uartlite, INSTANCE: RS232, PARAMETER: C_BASEADDR - ASSIGNMENT=REQUIRE is defined in the MPD. You must specify a value in the MHS. 
ERROR:EDK:4125 - IPNAME: axi_uartlite, INSTANCE: RS232, PARAMETER: C_HIGHADDR - ASSIGNMENT=REQUIRE is defined in the MPD. You must specify a value in the MHS. 
ERROR:EDK - short length caused truncation
ERROR:EDK - short length caused truncation
ERROR:EDK - short length caused truncation
ERROR:EDK - short length caused truncation
Address Map for Processor microblaze_0
  (0000000000-0x00007fff) microblaze_0_d_bram_ctrl	microblaze_0_dlmb
  (0000000000-0x00007fff) microblaze_0_i_bram_ctrl	microblaze_0_ilmb
  (0x40600000-0x4060ffff) RS232	axi4lite_0
  (0x41200000-0x4120ffff) axi_intc_0	axi4lite_0
  (0x41400000-0x4140ffff) debug_module	axi4lite_0
  (0x78000000-0x7bffffff) vga_periph_mem_0	axi4lite_0
  (0x7de00000-0x7de0ffff) my_peripheral_0	axi4lite_0
Generated Addresses Successfully
Overriding Xilinx file <TextEditor.cfg> with local file <C:/Xilinx/14.6/ISE_DS/EDK/data/TextEditor.cfg>
Writing filter settings....
Done writing filter settings to:
	D:\ra22-2015\lab5\etc\system.filters
Done writing Tab View settings to:
	D:\ra22-2015\lab5\etc\system.gui
